[2017-06-13T20:03:13.627-0300] [glassfish 4.0] [INFO] [NCLS-LOGGING-00009] [javax.enterprise.logging] [tid: _ThreadID=1 _ThreadName=main] [timeMillis: 1497394993627] [levelValue: 800] [[
  Running GlassFish Version: GlassFish Server Open Source Edition  4.0  (build 89)]]

[2017-06-13T20:03:13.631-0300] [glassfish 4.0] [INFO] [NCLS-LOGGING-00010] [javax.enterprise.logging] [tid: _ThreadID=1 _ThreadName=main] [timeMillis: 1497394993631] [levelValue: 800] [[
  Server log file is using Formatter class: com.sun.enterprise.server.logging.ODLLogFormatter]]

[2017-06-13T20:03:13.806-0300] [glassfish 4.0] [INFO] [realm.loaded.successfully] [javax.enterprise.system.core.security.com.sun.enterprise.security.auth.realm] [tid: _ThreadID=1 _ThreadName=main] [timeMillis: 1497394993806] [levelValue: 800] [[
  SEC1115: Realm [admin-realm] of classtype [com.sun.enterprise.security.auth.realm.file.FileRealm] successfully created.]]

[2017-06-13T20:03:13.819-0300] [glassfish 4.0] [INFO] [realm.loaded.successfully] [javax.enterprise.system.core.security.com.sun.enterprise.security.auth.realm] [tid: _ThreadID=1 _ThreadName=main] [timeMillis: 1497394993819] [levelValue: 800] [[
  SEC1115: Realm [file] of classtype [com.sun.enterprise.security.auth.realm.file.FileRealm] successfully created.]]

[2017-06-13T20:03:13.823-0300] [glassfish 4.0] [INFO] [realm.loaded.successfully] [javax.enterprise.system.core.security.com.sun.enterprise.security.auth.realm] [tid: _ThreadID=1 _ThreadName=main] [timeMillis: 1497394993823] [levelValue: 800] [[
  SEC1115: Realm [certificate] of classtype [com.sun.enterprise.security.auth.realm.certificate.CertificateRealm] successfully created.]]

[2017-06-13T20:03:14.833-0300] [glassfish 4.0] [INFO] [] [javax.enterprise.system.core] [tid: _ThreadID=1 _ThreadName=main] [timeMillis: 1497394994833] [levelValue: 800] [[
  Grizzly Framework 2.3.1 started in: 266ms - bound to [/0.0.0.0:8.080]]]

[2017-06-13T20:03:14.884-0300] [glassfish 4.0] [INFO] [] [javax.enterprise.system.core] [tid: _ThreadID=1 _ThreadName=main] [timeMillis: 1497394994884] [levelValue: 800] [[
  Grizzly Framework 2.3.1 started in: 7ms - bound to [/0.0.0.0:8.181]]]

[2017-06-13T20:03:14.895-0300] [glassfish 4.0] [INFO] [] [javax.enterprise.system.core] [tid: _ThreadID=1 _ThreadName=main] [timeMillis: 1497394994895] [levelValue: 800] [[
  Grizzly Framework 2.3.1 started in: 4ms - bound to [/0.0.0.0:4.848]]]

[2017-06-13T20:03:15.026-0300] [glassfish 4.0] [INFO] [] [javax.enterprise.system.core.security.org.glassfish.security.services.impl.authorization] [tid: _ThreadID=1 _ThreadName=main] [timeMillis: 1497394995026] [levelValue: 800] [[
  Authorization Service has successfully initialized.]]

[2017-06-13T20:03:15.389-0300] [glassfish 4.0] [INFO] [] [javax.enterprise.system.core] [tid: _ThreadID=1 _ThreadName=main] [timeMillis: 1497394995389] [levelValue: 800] [[
  Grizzly Framework 2.3.1 started in: 2ms - bound to [/0.0.0.0:3.700]]]

[2017-06-13T20:03:15.538-0300] [glassfish 4.0] [INFO] [] [org.hibernate.validator.internal.util.Version] [tid: _ThreadID=1 _ThreadName=main] [timeMillis: 1497394995538] [levelValue: 800] [[
  HV000001: Hibernate Validator 5.0.0.Final]]

[2017-06-13T20:03:17.960-0300] [glassfish 4.0] [INFO] [] [org.glassfish.ha.store.spi.BackingStoreFactoryRegistry] [tid: _ThreadID=1 _ThreadName=main] [timeMillis: 1497394997960] [levelValue: 800] [[
  Registered org.glassfish.ha.store.adapter.cache.ShoalBackingStoreProxy for persistence-type = replicated in BackingStoreFactoryRegistry]]

[2017-06-13T20:03:17.995-0300] [glassfish 4.0] [INFO] [NCLS-CORE-00017] [javax.enterprise.system.core] [tid: _ThreadID=1 _ThreadName=main] [timeMillis: 1497394997995] [levelValue: 800] [[
  GlassFish Server Open Source Edition  4.0  (89) startup time : Felix (13.169ms), startup services(4.588ms), total(17.757ms)]]

[2017-06-13T20:03:18.689-0300] [glassfish 4.0] [INFO] [] [org.glassfish.jersey.server.ApplicationHandler] [tid: _ThreadID=64 _ThreadName=pool-16-thread-1] [timeMillis: 1497394998689] [levelValue: 800] [[
  Initiating Jersey application, version Jersey: 2.0 2013-05-03 14:50:15...]]

[2017-06-13T20:03:19.508-0300] [glassfish 4.0] [INFO] [] [javax.enterprise.system.core] [tid: _ThreadID=1 _ThreadName=main] [timeMillis: 1497394999508] [levelValue: 800] [[
  Grizzly Framework 2.3.1 started in: 9ms - bound to [/0.0.0.0:7.676]]]

[2017-06-13T20:03:19.740-0300] [glassfish 4.0] [INFO] [] [javax.enterprise.system.core] [tid: _ThreadID=53 _ThreadName=pool-7-thread-1] [timeMillis: 1497394999740] [levelValue: 800] [[
  Grizzly Framework 2.3.1 started in: 38ms - bound to [/0.0.0.0:8.181]]]

[2017-06-13T20:03:20.967-0300] [glassfish 4.0] [INFO] [] [javax.enterprise.system.core] [tid: _ThreadID=68 _ThreadName=pool-18-thread-1] [timeMillis: 1497395000967] [levelValue: 800] [[
  Grizzly Framework 2.3.1 started in: 20ms - bound to [/0.0.0.0:8.080]]]

[2017-06-13T20:03:21.864-0300] [glassfish 4.0] [INFO] [NCLS-BOOTSTRAP-00027] [javax.enterprise.bootstrap] [tid: _ThreadID=1 _ThreadName=main] [timeMillis: 1497395001864] [levelValue: 800] [[
  Registered com.sun.enterprise.glassfish.bootstrap.osgi.EmbeddedOSGiGlassFishImpl@467ef400 as OSGi service registration: org.apache.felix.framework.ServiceRegistrationImpl@5c25d0d1.]]

[2017-06-13T20:03:23.138-0300] [glassfish 4.0] [INFO] [] [] [tid: _ThreadID=36 _ThreadName=admin-listener(2)] [timeMillis: 1497395003138] [levelValue: 800] [[
  this.makeModuleFor(org.glassfish.main.web.glue, null) returned OSGiModuleImpl:: Bundle = [org.glassfish.main.web.glue [263]], State = [READY]]]

[2017-06-13T20:03:23.139-0300] [glassfish 4.0] [INFO] [] [] [tid: _ThreadID=36 _ThreadName=admin-listener(2)] [timeMillis: 1497395003139] [levelValue: 800] [[
  this.makeModuleFor(org.glassfish.web.javax.servlet.jsp, null) returned OSGiModuleImpl:: Bundle = [org.glassfish.web.javax.servlet.jsp [149]], State = [READY]]]

[2017-06-13T20:03:23.606-0300] [glassfish 4.0] [INFO] [] [javax.enterprise.system.tools.deployment.common] [tid: _ThreadID=36 _ThreadName=admin-listener(2)] [timeMillis: 1497395003606] [levelValue: 800] [[
  visiting unvisited references]]

[2017-06-13T20:03:25.793-0300] [glassfish 4.0] [INFO] [NCLS-JMX-00005] [javax.enterprise.system.jmx] [tid: _ThreadID=95 _ThreadName=Thread-12] [timeMillis: 1497395005793] [levelValue: 800] [[
  JMXStartupService has started JMXConnector on JMXService URL service:jmx:rmi://192.168.210.107:8686/jndi/rmi://192.168.210.107:8686/jmxrmi]]

[2017-06-13T20:03:26.260-0300] [glassfish 4.0] [SEVERE] [java_security.expired_certificate] [javax.enterprise.system.ssl.security.com.sun.enterprise.security.ssl.impl] [tid: _ThreadID=36 _ThreadName=admin-listener(2)] [timeMillis: 1497395006260] [levelValue: 1000] [[
  SEC5054: Certificate has expired: [
[
  Version: V3
  Subject: CN=GTE CyberTrust Root 5, OU="GTE CyberTrust Solutions, Inc.", O=GTE Corporation, C=US
  Signature Algorithm: SHA1withRSA, OID = 1.2.840.113549.1.1.5

  Key:  Sun RSA public key, 2048 bits
  modulus: 23741889829347261660812437366387754385443431973861114865490414153884050331745811968523116847625570146592736935209718565296053386842135985534863157983128812774162998053673746470782252407673402238146869994438729551246768368782318393878374421033907597162218758024581735139682087126982809511479059100617027892880227587855877479432885604404402435662802390484099065871430585284534529627347717530352189612077130606642676951640071336717026459037542552927905851171460589361570392199748753414855675665635003335769915908187224347232807336022456537328962095005323382940080676931822787496212635993279098588863972868266229522169377
  public exponent: 65537
  Validity: [From: Fri Aug 14 11:50:00 BRT 1998,
               To: Wed Aug 14 20:59:00 BRT 2013]
  Issuer: CN=GTE CyberTrust Root 5, OU="GTE CyberTrust Solutions, Inc.", O=GTE Corporation, C=US
  SerialNumber: [    01b6]

Certificate Extensions: 4
[1]: ObjectId: 2.5.29.19 Criticality=true
BasicConstraints:[
  CA:true
  PathLen:5
]

[2]: ObjectId: 2.5.29.32 Criticality=false
CertificatePolicies [
  [CertificatePolicyId: [1.2.840.113763.1.2.1.3]
[]  ]
]

[3]: ObjectId: 2.5.29.15 Criticality=true
KeyUsage [
  Key_CertSign
  Crl_Sign
]

[4]: ObjectId: 2.5.29.14 Criticality=false
SubjectKeyIdentifier [
KeyIdentifier [
0000: 76 0A 49 21 38 4C 9F DE   F8 C4 49 C7 71 71 91 9D  v.I!8L....I.qq..
]
]

]
  Algorithm: [SHA1withRSA]
  Signature:
0000: 41 3A D4 18 5B DA B8 DE   21 1C E1 8E 09 E5 F1 68  A:..[...!......h
0010: 34 FF DE 96 F4 07 F5 A7   3C F3 AC 4A B1 9B FA 92  4.......<..J....
0020: FA 9B ED E6 32 21 AA 4A   76 C5 DC 4F 38 E5 DF D5  ....2!.Jv..O8...
0030: 86 E4 D5 C8 76 7D 98 D7   B1 CD 8F 4D B5 91 23 6C  ....v......M..#l
0040: 8B 8A EB EA 7C EF 14 94   C4 C6 F0 1F 4A 2D 32 71  ............J-2q
0050: 63 2B 63 91 26 02 09 B6   80 1D ED E2 CC B8 7F DB  c+c.&...........
0060: 87 63 C8 E1 D0 6C 26 B1   35 1D 40 66 10 1B CD 95  .c...l&.5.@f....
0070: 54 18 33 61 EC 13 4F DA   13 F7 99 AF 3E D0 CF 8E  T.3a..O.....>...
0080: A6 72 A2 B3 C3 05 9A C9   27 7D 92 CC 7E 52 8D B3  .r......'....R..
0090: AB 70 6D 9E 89 9F 4D EB   1A 75 C2 98 AA D5 02 16  .pm...M..u......
00A0: D7 0C 8A BF 25 E4 EB 2D   BC 98 E9 58 38 19 7C B9  ....%..-...X8...
00B0: 37 FE DB E2 99 08 73 06   C7 97 83 6A 7D 10 01 2F  7.....s....j.../
00C0: 32 B9 17 05 4A 65 E6 2F   CE BE 5E 53 A6 82 E9 9A  2...Je./..^S....
00D0: 53 0A 84 74 2D 83 CA C8   94 16 76 5F 94 61 28 F0  S..t-.....v_.a(.
00E0: 85 A7 39 BB D7 8B D9 A8   B2 13 1D 54 09 34 24 7D  ..9........T.4$.
00F0: 20 81 7D 66 7E A2 90 74   5C 10 C6 BD EC AB 1B C2   ..f...t\.......

]]]

[2017-06-13T20:03:26.640-0300] [glassfish 4.0] [INFO] [security.secmgroff] [javax.enterprise.system.core.security.com.sun.enterprise.security] [tid: _ThreadID=36 _ThreadName=admin-listener(2)] [timeMillis: 1497395006640] [levelValue: 800] [[
  SEC1002: Security Manager is OFF.]]

[2017-06-13T20:03:26.641-0300] [glassfish 4.0] [INFO] [sec.service.startup.enter] [javax.enterprise.system.core.security.com.sun.enterprise.security] [tid: _ThreadID=36 _ThreadName=admin-listener(2)] [timeMillis: 1497395006641] [levelValue: 800] [[
  SEC1010: Entering Security Startup Service]]

[2017-06-13T20:03:26.651-0300] [glassfish 4.0] [INFO] [policy.loading] [javax.enterprise.system.core.security.com.sun.enterprise.security] [tid: _ThreadID=36 _ThreadName=admin-listener(2)] [timeMillis: 1497395006651] [levelValue: 800] [[
  SEC1143: Loading policy provider com.sun.enterprise.security.provider.PolicyWrapper.]]

[2017-06-13T20:03:26.825-0300] [glassfish 4.0] [INFO] [sec.service.startup.exit] [javax.enterprise.system.core.security.com.sun.enterprise.security] [tid: _ThreadID=36 _ThreadName=admin-listener(2)] [timeMillis: 1497395006825] [levelValue: 800] [[
  SEC1011: Security Service(s) Started Successfully]]

[2017-06-13T20:03:28.357-0300] [glassfish 4.0] [INFO] [AS-WEB-GLUE-00198] [javax.enterprise.web] [tid: _ThreadID=36 _ThreadName=admin-listener(2)] [timeMillis: 1497395008357] [levelValue: 800] [[
  Created HTTP listener http-listener-1 on host/port 0.0.0.0:8080]]

[2017-06-13T20:03:28.368-0300] [glassfish 4.0] [INFO] [AS-WEB-GLUE-00198] [javax.enterprise.web] [tid: _ThreadID=36 _ThreadName=admin-listener(2)] [timeMillis: 1497395008368] [levelValue: 800] [[
  Created HTTP listener http-listener-2 on host/port 0.0.0.0:8181]]

[2017-06-13T20:03:28.373-0300] [glassfish 4.0] [INFO] [AS-WEB-GLUE-00198] [javax.enterprise.web] [tid: _ThreadID=36 _ThreadName=admin-listener(2)] [timeMillis: 1497395008373] [levelValue: 800] [[
  Created HTTP listener admin-listener on host/port 0.0.0.0:4848]]

[2017-06-13T20:03:28.406-0300] [glassfish 4.0] [INFO] [AS-WEB-GLUE-00200] [javax.enterprise.web] [tid: _ThreadID=36 _ThreadName=admin-listener(2)] [timeMillis: 1497395008406] [levelValue: 800] [[
  Created virtual server server]]

[2017-06-13T20:03:28.410-0300] [glassfish 4.0] [INFO] [AS-WEB-GLUE-00200] [javax.enterprise.web] [tid: _ThreadID=36 _ThreadName=admin-listener(2)] [timeMillis: 1497395008410] [levelValue: 800] [[
  Created virtual server __asadmin]]

[2017-06-13T20:03:28.814-0300] [glassfish 4.0] [INFO] [AS-WEB-CORE-00306] [javax.enterprise.web.core] [tid: _ThreadID=36 _ThreadName=admin-listener(2)] [timeMillis: 1497395008814] [levelValue: 800] [[
  Setting JAAS app name glassfish-web]]

[2017-06-13T20:03:28.815-0300] [glassfish 4.0] [INFO] [AS-WEB-GLUE-00201] [javax.enterprise.web] [tid: _ThreadID=36 _ThreadName=admin-listener(2)] [timeMillis: 1497395008815] [levelValue: 800] [[
  Virtual server server loaded default web module ]]

[2017-06-13T20:03:29.585-0300] [glassfish 4.0] [INFO] [] [javax.enterprise.system.tools.deployment.common] [tid: _ThreadID=36 _ThreadName=admin-listener(2)] [timeMillis: 1497395009585] [levelValue: 800] [[
  visiting unvisited references]]

[2017-06-13T20:03:29.589-0300] [glassfish 4.0] [INFO] [] [javax.enterprise.system.tools.deployment.common] [tid: _ThreadID=36 _ThreadName=admin-listener(2)] [timeMillis: 1497395009589] [levelValue: 800] [[
  visiting unvisited references]]

[2017-06-13T20:03:30.590-0300] [glassfish 4.0] [INFO] [] [org.glassfish.jersey.servlet.init.JerseyServletContainerInitializer] [tid: _ThreadID=36 _ThreadName=admin-listener(2)] [timeMillis: 1497395010590] [levelValue: 800] [[
  Registering the Jersey servlet application, named WSsgs.ApplicationConfig, at the servlet mapping /webresources/*, with the Application class of the same name.]]

[2017-06-13T20:03:30.625-0300] [glassfish 4.0] [INFO] [AS-WEB-GLUE-00172] [javax.enterprise.web] [tid: _ThreadID=36 _ThreadName=admin-listener(2)] [timeMillis: 1497395010625] [levelValue: 800] [[
  Loading application [WSsgc] at [/WSsgc]]]

[2017-06-13T20:03:30.792-0300] [glassfish 4.0] [INFO] [] [javax.enterprise.system.core] [tid: _ThreadID=36 _ThreadName=admin-listener(2)] [timeMillis: 1497395010792] [levelValue: 800] [[
  WSsgc was successfully deployed in 7.733 milliseconds.]]

[2017-06-13T20:04:09.485-0300] [glassfish 4.0] [INFO] [] [javax.enterprise.system.core] [tid: _ThreadID=127 _ThreadName=Thread-19] [timeMillis: 1497395049485] [levelValue: 800] [[
  Server shutdown initiated]]

[2017-06-13T20:04:09.488-0300] [glassfish 4.0] [INFO] [NCLS-BOOTSTRAP-00028] [javax.enterprise.bootstrap] [tid: _ThreadID=127 _ThreadName=Thread-19] [timeMillis: 1497395049488] [levelValue: 800] [[
  Unregistered com.sun.enterprise.glassfish.bootstrap.osgi.EmbeddedOSGiGlassFishImpl@467ef400 from service registry.]]

[2017-06-13T20:04:09.489-0300] [glassfish 4.0] [INFO] [] [] [tid: _ThreadID=127 _ThreadName=Thread-3] [timeMillis: 1497395049489] [levelValue: 800] [[
  FileMonitoring shutdown]]

[2017-06-13T20:04:09.512-0300] [glassfish 4.0] [INFO] [NCLS-JMX-00002] [javax.enterprise.system.jmx] [tid: _ThreadID=127 _ThreadName=Thread-19] [timeMillis: 1497395049512] [levelValue: 800] [[
  JMXStartupService: Stopped JMXConnectorServer: null]]

[2017-06-13T20:04:09.514-0300] [glassfish 4.0] [INFO] [NCLS-JMX-00001] [javax.enterprise.system.jmx] [tid: _ThreadID=127 _ThreadName=Thread-19] [timeMillis: 1497395049514] [levelValue: 800] [[
  JMXStartupService and JMXConnectors have been shut down.]]

[2017-06-13T20:04:09.619-0300] [glassfish 4.0] [INFO] [] [] [tid: _ThreadID=127 _ThreadName=Thread-3] [timeMillis: 1497395049619] [levelValue: 800] [[
  JdbcRuntimeExtension,  getAllSystemRAResourcesAndPools = [GlassFishConfigBean.org.glassfish.jdbc.config.JdbcResource, GlassFishConfigBean.org.glassfish.jdbc.config.JdbcResource, GlassFishConfigBean.org.glassfish.jdbc.config.JdbcResource, GlassFishConfigBean.org.glassfish.jdbc.config.JdbcConnectionPool, GlassFishConfigBean.org.glassfish.jdbc.config.JdbcConnectionPool, GlassFishConfigBean.org.glassfish.jdbc.config.JdbcConnectionPool]]]

[2017-06-13T20:04:18.425-0300] [glassfish 4.0] [INFO] [NCLS-LOGGING-00009] [javax.enterprise.logging] [tid: _ThreadID=1 _ThreadName=main] [timeMillis: 1497395058425] [levelValue: 800] [[
  Running GlassFish Version: GlassFish Server Open Source Edition  4.0  (build 89)]]

[2017-06-13T20:04:18.428-0300] [glassfish 4.0] [INFO] [NCLS-LOGGING-00010] [javax.enterprise.logging] [tid: _ThreadID=1 _ThreadName=main] [timeMillis: 1497395058428] [levelValue: 800] [[
  Server log file is using Formatter class: com.sun.enterprise.server.logging.ODLLogFormatter]]

[2017-06-13T20:04:18.609-0300] [glassfish 4.0] [INFO] [realm.loaded.successfully] [javax.enterprise.system.core.security.com.sun.enterprise.security.auth.realm] [tid: _ThreadID=1 _ThreadName=main] [timeMillis: 1497395058609] [levelValue: 800] [[
  SEC1115: Realm [admin-realm] of classtype [com.sun.enterprise.security.auth.realm.file.FileRealm] successfully created.]]

[2017-06-13T20:04:18.633-0300] [glassfish 4.0] [INFO] [realm.loaded.successfully] [javax.enterprise.system.core.security.com.sun.enterprise.security.auth.realm] [tid: _ThreadID=1 _ThreadName=main] [timeMillis: 1497395058633] [levelValue: 800] [[
  SEC1115: Realm [file] of classtype [com.sun.enterprise.security.auth.realm.file.FileRealm] successfully created.]]

[2017-06-13T20:04:18.639-0300] [glassfish 4.0] [INFO] [realm.loaded.successfully] [javax.enterprise.system.core.security.com.sun.enterprise.security.auth.realm] [tid: _ThreadID=1 _ThreadName=main] [timeMillis: 1497395058639] [levelValue: 800] [[
  SEC1115: Realm [certificate] of classtype [com.sun.enterprise.security.auth.realm.certificate.CertificateRealm] successfully created.]]

[2017-06-13T20:04:19.041-0300] [glassfish 4.0] [INFO] [] [javax.enterprise.system.core] [tid: _ThreadID=1 _ThreadName=main] [timeMillis: 1497395059041] [levelValue: 800] [[
  Grizzly Framework 2.3.1 started in: 30ms - bound to [/0.0.0.0:8.080]]]

[2017-06-13T20:04:19.070-0300] [glassfish 4.0] [INFO] [] [javax.enterprise.system.core] [tid: _ThreadID=1 _ThreadName=main] [timeMillis: 1497395059070] [levelValue: 800] [[
  Grizzly Framework 2.3.1 started in: 2ms - bound to [/0.0.0.0:8.181]]]

[2017-06-13T20:04:19.081-0300] [glassfish 4.0] [INFO] [] [javax.enterprise.system.core] [tid: _ThreadID=1 _ThreadName=main] [timeMillis: 1497395059081] [levelValue: 800] [[
  Grizzly Framework 2.3.1 started in: 4ms - bound to [/0.0.0.0:4.848]]]

[2017-06-13T20:04:19.544-0300] [glassfish 4.0] [INFO] [] [javax.enterprise.system.core.security.org.glassfish.security.services.impl.authorization] [tid: _ThreadID=1 _ThreadName=main] [timeMillis: 1497395059544] [levelValue: 800] [[
  Authorization Service has successfully initialized.]]

[2017-06-13T20:04:19.582-0300] [glassfish 4.0] [INFO] [] [javax.enterprise.system.core] [tid: _ThreadID=1 _ThreadName=main] [timeMillis: 1497395059582] [levelValue: 800] [[
  Grizzly Framework 2.3.1 started in: 1ms - bound to [/0.0.0.0:3.700]]]

[2017-06-13T20:04:19.905-0300] [glassfish 4.0] [INFO] [] [] [tid: _ThreadID=1 _ThreadName=main] [timeMillis: 1497395059905] [levelValue: 800] [[
  this.makeModuleFor(org.glassfish.main.web.glue, null) returned OSGiModuleImpl:: Bundle = [org.glassfish.main.web.glue [263]], State = [READY]]]

[2017-06-13T20:04:19.906-0300] [glassfish 4.0] [INFO] [] [] [tid: _ThreadID=1 _ThreadName=main] [timeMillis: 1497395059906] [levelValue: 800] [[
  this.makeModuleFor(org.glassfish.web.javax.servlet.jsp, null) returned OSGiModuleImpl:: Bundle = [org.glassfish.web.javax.servlet.jsp [149]], State = [READY]]]

[2017-06-13T20:04:20.063-0300] [glassfish 4.0] [INFO] [] [javax.enterprise.system.tools.deployment.common] [tid: _ThreadID=1 _ThreadName=main] [timeMillis: 1497395060063] [levelValue: 800] [[
  visiting unvisited references]]

[2017-06-13T20:04:20.383-0300] [glassfish 4.0] [SEVERE] [java_security.expired_certificate] [javax.enterprise.system.ssl.security.com.sun.enterprise.security.ssl.impl] [tid: _ThreadID=1 _ThreadName=main] [timeMillis: 1497395060383] [levelValue: 1000] [[
  SEC5054: Certificate has expired: [
[
  Version: V3
  Subject: CN=GTE CyberTrust Root 5, OU="GTE CyberTrust Solutions, Inc.", O=GTE Corporation, C=US
  Signature Algorithm: SHA1withRSA, OID = 1.2.840.113549.1.1.5

  Key:  Sun RSA public key, 2048 bits
  modulus: 23741889829347261660812437366387754385443431973861114865490414153884050331745811968523116847625570146592736935209718565296053386842135985534863157983128812774162998053673746470782252407673402238146869994438729551246768368782318393878374421033907597162218758024581735139682087126982809511479059100617027892880227587855877479432885604404402435662802390484099065871430585284534529627347717530352189612077130606642676951640071336717026459037542552927905851171460589361570392199748753414855675665635003335769915908187224347232807336022456537328962095005323382940080676931822787496212635993279098588863972868266229522169377
  public exponent: 65537
  Validity: [From: Fri Aug 14 11:50:00 BRT 1998,
               To: Wed Aug 14 20:59:00 BRT 2013]
  Issuer: CN=GTE CyberTrust Root 5, OU="GTE CyberTrust Solutions, Inc.", O=GTE Corporation, C=US
  SerialNumber: [    01b6]

Certificate Extensions: 4
[1]: ObjectId: 2.5.29.19 Criticality=true
BasicConstraints:[
  CA:true
  PathLen:5
]

[2]: ObjectId: 2.5.29.32 Criticality=false
CertificatePolicies [
  [CertificatePolicyId: [1.2.840.113763.1.2.1.3]
[]  ]
]

[3]: ObjectId: 2.5.29.15 Criticality=true
KeyUsage [
  Key_CertSign
  Crl_Sign
]

[4]: ObjectId: 2.5.29.14 Criticality=false
SubjectKeyIdentifier [
KeyIdentifier [
0000: 76 0A 49 21 38 4C 9F DE   F8 C4 49 C7 71 71 91 9D  v.I!8L....I.qq..
]
]

]
  Algorithm: [SHA1withRSA]
  Signature:
0000: 41 3A D4 18 5B DA B8 DE   21 1C E1 8E 09 E5 F1 68  A:..[...!......h
0010: 34 FF DE 96 F4 07 F5 A7   3C F3 AC 4A B1 9B FA 92  4.......<..J....
0020: FA 9B ED E6 32 21 AA 4A   76 C5 DC 4F 38 E5 DF D5  ....2!.Jv..O8...
0030: 86 E4 D5 C8 76 7D 98 D7   B1 CD 8F 4D B5 91 23 6C  ....v......M..#l
0040: 8B 8A EB EA 7C EF 14 94   C4 C6 F0 1F 4A 2D 32 71  ............J-2q
0050: 63 2B 63 91 26 02 09 B6   80 1D ED E2 CC B8 7F DB  c+c.&...........
0060: 87 63 C8 E1 D0 6C 26 B1   35 1D 40 66 10 1B CD 95  .c...l&.5.@f....
0070: 54 18 33 61 EC 13 4F DA   13 F7 99 AF 3E D0 CF 8E  T.3a..O.....>...
0080: A6 72 A2 B3 C3 05 9A C9   27 7D 92 CC 7E 52 8D B3  .r......'....R..
0090: AB 70 6D 9E 89 9F 4D EB   1A 75 C2 98 AA D5 02 16  .pm...M..u......
00A0: D7 0C 8A BF 25 E4 EB 2D   BC 98 E9 58 38 19 7C B9  ....%..-...X8...
00B0: 37 FE DB E2 99 08 73 06   C7 97 83 6A 7D 10 01 2F  7.....s....j.../
00C0: 32 B9 17 05 4A 65 E6 2F   CE BE 5E 53 A6 82 E9 9A  2...Je./..^S....
00D0: 53 0A 84 74 2D 83 CA C8   94 16 76 5F 94 61 28 F0  S..t-.....v_.a(.
00E0: 85 A7 39 BB D7 8B D9 A8   B2 13 1D 54 09 34 24 7D  ..9........T.4$.
00F0: 20 81 7D 66 7E A2 90 74   5C 10 C6 BD EC AB 1B C2   ..f...t\.......

]]]

[2017-06-13T20:04:20.425-0300] [glassfish 4.0] [INFO] [security.secmgroff] [javax.enterprise.system.core.security.com.sun.enterprise.security] [tid: _ThreadID=1 _ThreadName=main] [timeMillis: 1497395060425] [levelValue: 800] [[
  SEC1002: Security Manager is OFF.]]

[2017-06-13T20:04:20.426-0300] [glassfish 4.0] [INFO] [sec.service.startup.enter] [javax.enterprise.system.core.security.com.sun.enterprise.security] [tid: _ThreadID=1 _ThreadName=main] [timeMillis: 1497395060426] [levelValue: 800] [[
  SEC1010: Entering Security Startup Service]]

[2017-06-13T20:04:20.431-0300] [glassfish 4.0] [INFO] [policy.loading] [javax.enterprise.system.core.security.com.sun.enterprise.security] [tid: _ThreadID=1 _ThreadName=main] [timeMillis: 1497395060431] [levelValue: 800] [[
  SEC1143: Loading policy provider com.sun.enterprise.security.provider.PolicyWrapper.]]

[2017-06-13T20:04:20.501-0300] [glassfish 4.0] [INFO] [sec.service.startup.exit] [javax.enterprise.system.core.security.com.sun.enterprise.security] [tid: _ThreadID=1 _ThreadName=main] [timeMillis: 1497395060501] [levelValue: 800] [[
  SEC1011: Security Service(s) Started Successfully]]

[2017-06-13T20:04:20.800-0300] [glassfish 4.0] [INFO] [AS-WEB-GLUE-00198] [javax.enterprise.web] [tid: _ThreadID=1 _ThreadName=main] [timeMillis: 1497395060800] [levelValue: 800] [[
  Created HTTP listener http-listener-1 on host/port 0.0.0.0:8080]]

[2017-06-13T20:04:20.810-0300] [glassfish 4.0] [INFO] [AS-WEB-GLUE-00198] [javax.enterprise.web] [tid: _ThreadID=1 _ThreadName=main] [timeMillis: 1497395060810] [levelValue: 800] [[
  Created HTTP listener http-listener-2 on host/port 0.0.0.0:8181]]

[2017-06-13T20:04:20.816-0300] [glassfish 4.0] [INFO] [AS-WEB-GLUE-00198] [javax.enterprise.web] [tid: _ThreadID=1 _ThreadName=main] [timeMillis: 1497395060816] [levelValue: 800] [[
  Created HTTP listener admin-listener on host/port 0.0.0.0:4848]]

[2017-06-13T20:04:20.860-0300] [glassfish 4.0] [INFO] [AS-WEB-GLUE-00200] [javax.enterprise.web] [tid: _ThreadID=1 _ThreadName=main] [timeMillis: 1497395060860] [levelValue: 800] [[
  Created virtual server server]]

[2017-06-13T20:04:20.864-0300] [glassfish 4.0] [INFO] [AS-WEB-GLUE-00200] [javax.enterprise.web] [tid: _ThreadID=1 _ThreadName=main] [timeMillis: 1497395060864] [levelValue: 800] [[
  Created virtual server __asadmin]]

[2017-06-13T20:04:21.159-0300] [glassfish 4.0] [INFO] [AS-WEB-CORE-00306] [javax.enterprise.web.core] [tid: _ThreadID=1 _ThreadName=main] [timeMillis: 1497395061159] [levelValue: 800] [[
  Setting JAAS app name glassfish-web]]

[2017-06-13T20:04:21.160-0300] [glassfish 4.0] [INFO] [AS-WEB-GLUE-00201] [javax.enterprise.web] [tid: _ThreadID=1 _ThreadName=main] [timeMillis: 1497395061160] [levelValue: 800] [[
  Virtual server server loaded default web module ]]

[2017-06-13T20:04:21.552-0300] [glassfish 4.0] [INFO] [] [javax.enterprise.system.tools.deployment.common] [tid: _ThreadID=1 _ThreadName=main] [timeMillis: 1497395061552] [levelValue: 800] [[
  visiting unvisited references]]

[2017-06-13T20:04:21.557-0300] [glassfish 4.0] [INFO] [] [javax.enterprise.system.tools.deployment.common] [tid: _ThreadID=1 _ThreadName=main] [timeMillis: 1497395061557] [levelValue: 800] [[
  visiting unvisited references]]

[2017-06-13T20:04:22.354-0300] [glassfish 4.0] [INFO] [] [org.glassfish.jersey.servlet.init.JerseyServletContainerInitializer] [tid: _ThreadID=1 _ThreadName=main] [timeMillis: 1497395062354] [levelValue: 800] [[
  Registering the Jersey servlet application, named WSsgs.ApplicationConfig, at the servlet mapping /webresources/*, with the Application class of the same name.]]

[2017-06-13T20:04:22.388-0300] [glassfish 4.0] [INFO] [AS-WEB-GLUE-00172] [javax.enterprise.web] [tid: _ThreadID=1 _ThreadName=main] [timeMillis: 1497395062388] [levelValue: 800] [[
  Loading application [WSsgc] at [/WSsgc]]]

[2017-06-13T20:04:22.391-0300] [glassfish 4.0] [INFO] [NCLS-CORE-00022] [javax.enterprise.system.core] [tid: _ThreadID=1 _ThreadName=main] [timeMillis: 1497395062391] [levelValue: 800] [[
  Loading application WSsgc done in 2.636 ms]]

[2017-06-13T20:04:22.415-0300] [glassfish 4.0] [INFO] [] [org.glassfish.ha.store.spi.BackingStoreFactoryRegistry] [tid: _ThreadID=1 _ThreadName=main] [timeMillis: 1497395062415] [levelValue: 800] [[
  Registered org.glassfish.ha.store.adapter.cache.ShoalBackingStoreProxy for persistence-type = replicated in BackingStoreFactoryRegistry]]

[2017-06-13T20:04:22.436-0300] [glassfish 4.0] [INFO] [NCLS-CORE-00017] [javax.enterprise.system.core] [tid: _ThreadID=1 _ThreadName=main] [timeMillis: 1497395062436] [levelValue: 800] [[
  GlassFish Server Open Source Edition  4.0  (89) startup time : Felix (2.759ms), startup services(4.106ms), total(6.865ms)]]

[2017-06-13T20:04:22.518-0300] [glassfish 4.0] [INFO] [] [javax.enterprise.system.core] [tid: _ThreadID=1 _ThreadName=main] [timeMillis: 1497395062518] [levelValue: 800] [[
  Grizzly Framework 2.3.1 started in: 6ms - bound to [/0.0.0.0:7.676]]]

[2017-06-13T20:04:22.666-0300] [glassfish 4.0] [INFO] [] [org.hibernate.validator.internal.util.Version] [tid: _ThreadID=62 _ThreadName=pool-9-thread-2] [timeMillis: 1497395062666] [levelValue: 800] [[
  HV000001: Hibernate Validator 5.0.0.Final]]

[2017-06-13T20:04:22.898-0300] [glassfish 4.0] [INFO] [] [org.glassfish.jersey.server.ApplicationHandler] [tid: _ThreadID=61 _ThreadName=pool-9-thread-1] [timeMillis: 1497395062898] [levelValue: 800] [[
  Initiating Jersey application, version Jersey: 2.0 2013-05-03 14:50:15...]]

[2017-06-13T20:04:23.470-0300] [glassfish 4.0] [INFO] [NCLS-BOOTSTRAP-00027] [javax.enterprise.bootstrap] [tid: _ThreadID=1 _ThreadName=main] [timeMillis: 1497395063470] [levelValue: 800] [[
  Registered com.sun.enterprise.glassfish.bootstrap.osgi.EmbeddedOSGiGlassFishImpl@38c460e8 as OSGi service registration: org.apache.felix.framework.ServiceRegistrationImpl@dc59ec2.]]

[2017-06-13T20:04:23.604-0300] [glassfish 4.0] [INFO] [AS-WEB-GLUE-00198] [javax.enterprise.web] [tid: _ThreadID=83 _ThreadName=pool-18-thread-1] [timeMillis: 1497395063604] [levelValue: 800] [[
  Created HTTP listener http-listener-2 on host/port 0.0.0.0:8181]]

[2017-06-13T20:04:23.652-0300] [glassfish 4.0] [INFO] [] [javax.enterprise.system.core] [tid: _ThreadID=83 _ThreadName=pool-18-thread-1] [timeMillis: 1497395063652] [levelValue: 800] [[
  Grizzly Framework 2.3.1 started in: 4ms - bound to [/0.0.0.0:8.181]]]

[2017-06-13T20:04:23.722-0300] [glassfish 4.0] [INFO] [NCLS-JMX-00005] [javax.enterprise.system.jmx] [tid: _ThreadID=73 _ThreadName=Thread-11] [timeMillis: 1497395063722] [levelValue: 800] [[
  JMXStartupService has started JMXConnector on JMXService URL service:jmx:rmi://192.168.210.107:8686/jndi/rmi://192.168.210.107:8686/jmxrmi]]

[2017-06-13T20:04:24.177-0300] [glassfish 4.0] [INFO] [AS-WEB-GLUE-00198] [javax.enterprise.web] [tid: _ThreadID=82 _ThreadName=pool-15-thread-1] [timeMillis: 1497395064177] [levelValue: 800] [[
  Created HTTP listener http-listener-1 on host/port 0.0.0.0:8080]]

[2017-06-13T20:04:24.193-0300] [glassfish 4.0] [INFO] [] [javax.enterprise.system.core] [tid: _ThreadID=82 _ThreadName=pool-15-thread-1] [timeMillis: 1497395064193] [levelValue: 800] [[
  Grizzly Framework 2.3.1 started in: 12ms - bound to [/0.0.0.0:8.080]]]

[2017-06-13T20:04:28.931-0300] [glassfish 4.0] [INFO] [] [javax.enterprise.system.core] [tid: _ThreadID=117 _ThreadName=Thread-15] [timeMillis: 1497395068931] [levelValue: 800] [[
  Server shutdown initiated]]

[2017-06-13T20:04:28.934-0300] [glassfish 4.0] [INFO] [NCLS-BOOTSTRAP-00028] [javax.enterprise.bootstrap] [tid: _ThreadID=117 _ThreadName=Thread-15] [timeMillis: 1497395068934] [levelValue: 800] [[
  Unregistered com.sun.enterprise.glassfish.bootstrap.osgi.EmbeddedOSGiGlassFishImpl@38c460e8 from service registry.]]

[2017-06-13T20:04:28.935-0300] [glassfish 4.0] [INFO] [] [] [tid: _ThreadID=117 _ThreadName=Thread-3] [timeMillis: 1497395068935] [levelValue: 800] [[
  FileMonitoring shutdown]]

[2017-06-13T20:04:28.963-0300] [glassfish 4.0] [INFO] [NCLS-JMX-00002] [javax.enterprise.system.jmx] [tid: _ThreadID=117 _ThreadName=Thread-15] [timeMillis: 1497395068963] [levelValue: 800] [[
  JMXStartupService: Stopped JMXConnectorServer: null]]

[2017-06-13T20:04:28.964-0300] [glassfish 4.0] [INFO] [NCLS-JMX-00001] [javax.enterprise.system.jmx] [tid: _ThreadID=117 _ThreadName=Thread-15] [timeMillis: 1497395068964] [levelValue: 800] [[
  JMXStartupService and JMXConnectors have been shut down.]]

[2017-06-13T20:04:29.096-0300] [glassfish 4.0] [INFO] [] [] [tid: _ThreadID=117 _ThreadName=Thread-3] [timeMillis: 1497395069096] [levelValue: 800] [[
  JdbcRuntimeExtension,  getAllSystemRAResourcesAndPools = [GlassFishConfigBean.org.glassfish.jdbc.config.JdbcResource, GlassFishConfigBean.org.glassfish.jdbc.config.JdbcResource, GlassFishConfigBean.org.glassfish.jdbc.config.JdbcResource, GlassFishConfigBean.org.glassfish.jdbc.config.JdbcConnectionPool, GlassFishConfigBean.org.glassfish.jdbc.config.JdbcConnectionPool, GlassFishConfigBean.org.glassfish.jdbc.config.JdbcConnectionPool]]]

[2017-06-13T20:04:36.569-0300] [glassfish 4.0] [INFO] [NCLS-LOGGING-00009] [javax.enterprise.logging] [tid: _ThreadID=1 _ThreadName=main] [timeMillis: 1497395076569] [levelValue: 800] [[
  Running GlassFish Version: GlassFish Server Open Source Edition  4.0  (build 89)]]

[2017-06-13T20:04:36.572-0300] [glassfish 4.0] [INFO] [NCLS-LOGGING-00010] [javax.enterprise.logging] [tid: _ThreadID=1 _ThreadName=main] [timeMillis: 1497395076572] [levelValue: 800] [[
  Server log file is using Formatter class: com.sun.enterprise.server.logging.ODLLogFormatter]]

[2017-06-13T20:04:36.732-0300] [glassfish 4.0] [INFO] [realm.loaded.successfully] [javax.enterprise.system.core.security.com.sun.enterprise.security.auth.realm] [tid: _ThreadID=1 _ThreadName=main] [timeMillis: 1497395076732] [levelValue: 800] [[
  SEC1115: Realm [admin-realm] of classtype [com.sun.enterprise.security.auth.realm.file.FileRealm] successfully created.]]

[2017-06-13T20:04:36.754-0300] [glassfish 4.0] [INFO] [realm.loaded.successfully] [javax.enterprise.system.core.security.com.sun.enterprise.security.auth.realm] [tid: _ThreadID=1 _ThreadName=main] [timeMillis: 1497395076754] [levelValue: 800] [[
  SEC1115: Realm [file] of classtype [com.sun.enterprise.security.auth.realm.file.FileRealm] successfully created.]]

[2017-06-13T20:04:36.759-0300] [glassfish 4.0] [INFO] [realm.loaded.successfully] [javax.enterprise.system.core.security.com.sun.enterprise.security.auth.realm] [tid: _ThreadID=1 _ThreadName=main] [timeMillis: 1497395076759] [levelValue: 800] [[
  SEC1115: Realm [certificate] of classtype [com.sun.enterprise.security.auth.realm.certificate.CertificateRealm] successfully created.]]

[2017-06-13T20:04:37.179-0300] [glassfish 4.0] [INFO] [] [javax.enterprise.system.core] [tid: _ThreadID=1 _ThreadName=main] [timeMillis: 1497395077179] [levelValue: 800] [[
  Grizzly Framework 2.3.1 started in: 28ms - bound to [/0.0.0.0:8.080]]]

[2017-06-13T20:04:37.207-0300] [glassfish 4.0] [INFO] [] [javax.enterprise.system.core] [tid: _ThreadID=1 _ThreadName=main] [timeMillis: 1497395077207] [levelValue: 800] [[
  Grizzly Framework 2.3.1 started in: 3ms - bound to [/0.0.0.0:8.181]]]

[2017-06-13T20:04:37.227-0300] [glassfish 4.0] [INFO] [] [javax.enterprise.system.core] [tid: _ThreadID=1 _ThreadName=main] [timeMillis: 1497395077227] [levelValue: 800] [[
  Grizzly Framework 2.3.1 started in: 7ms - bound to [/0.0.0.0:4.848]]]

[2017-06-13T20:04:37.372-0300] [glassfish 4.0] [INFO] [] [javax.enterprise.system.core.security.org.glassfish.security.services.impl.authorization] [tid: _ThreadID=1 _ThreadName=main] [timeMillis: 1497395077372] [levelValue: 800] [[
  Authorization Service has successfully initialized.]]

[2017-06-13T20:04:37.631-0300] [glassfish 4.0] [INFO] [] [javax.enterprise.system.core] [tid: _ThreadID=1 _ThreadName=main] [timeMillis: 1497395077631] [levelValue: 800] [[
  Grizzly Framework 2.3.1 started in: 1ms - bound to [/0.0.0.0:3.700]]]

[2017-06-13T20:04:37.920-0300] [glassfish 4.0] [INFO] [] [] [tid: _ThreadID=1 _ThreadName=main] [timeMillis: 1497395077920] [levelValue: 800] [[
  this.makeModuleFor(org.glassfish.main.web.glue, null) returned OSGiModuleImpl:: Bundle = [org.glassfish.main.web.glue [263]], State = [READY]]]

[2017-06-13T20:04:37.921-0300] [glassfish 4.0] [INFO] [] [] [tid: _ThreadID=1 _ThreadName=main] [timeMillis: 1497395077921] [levelValue: 800] [[
  this.makeModuleFor(org.glassfish.web.javax.servlet.jsp, null) returned OSGiModuleImpl:: Bundle = [org.glassfish.web.javax.servlet.jsp [149]], State = [READY]]]

[2017-06-13T20:04:38.119-0300] [glassfish 4.0] [INFO] [] [javax.enterprise.system.tools.deployment.common] [tid: _ThreadID=1 _ThreadName=main] [timeMillis: 1497395078119] [levelValue: 800] [[
  visiting unvisited references]]

[2017-06-13T20:04:38.482-0300] [glassfish 4.0] [SEVERE] [java_security.expired_certificate] [javax.enterprise.system.ssl.security.com.sun.enterprise.security.ssl.impl] [tid: _ThreadID=1 _ThreadName=main] [timeMillis: 1497395078482] [levelValue: 1000] [[
  SEC5054: Certificate has expired: [
[
  Version: V3
  Subject: CN=GTE CyberTrust Root 5, OU="GTE CyberTrust Solutions, Inc.", O=GTE Corporation, C=US
  Signature Algorithm: SHA1withRSA, OID = 1.2.840.113549.1.1.5

  Key:  Sun RSA public key, 2048 bits
  modulus: 23741889829347261660812437366387754385443431973861114865490414153884050331745811968523116847625570146592736935209718565296053386842135985534863157983128812774162998053673746470782252407673402238146869994438729551246768368782318393878374421033907597162218758024581735139682087126982809511479059100617027892880227587855877479432885604404402435662802390484099065871430585284534529627347717530352189612077130606642676951640071336717026459037542552927905851171460589361570392199748753414855675665635003335769915908187224347232807336022456537328962095005323382940080676931822787496212635993279098588863972868266229522169377
  public exponent: 65537
  Validity: [From: Fri Aug 14 11:50:00 BRT 1998,
               To: Wed Aug 14 20:59:00 BRT 2013]
  Issuer: CN=GTE CyberTrust Root 5, OU="GTE CyberTrust Solutions, Inc.", O=GTE Corporation, C=US
  SerialNumber: [    01b6]

Certificate Extensions: 4
[1]: ObjectId: 2.5.29.19 Criticality=true
BasicConstraints:[
  CA:true
  PathLen:5
]

[2]: ObjectId: 2.5.29.32 Criticality=false
CertificatePolicies [
  [CertificatePolicyId: [1.2.840.113763.1.2.1.3]
[]  ]
]

[3]: ObjectId: 2.5.29.15 Criticality=true
KeyUsage [
  Key_CertSign
  Crl_Sign
]

[4]: ObjectId: 2.5.29.14 Criticality=false
SubjectKeyIdentifier [
KeyIdentifier [
0000: 76 0A 49 21 38 4C 9F DE   F8 C4 49 C7 71 71 91 9D  v.I!8L....I.qq..
]
]

]
  Algorithm: [SHA1withRSA]
  Signature:
0000: 41 3A D4 18 5B DA B8 DE   21 1C E1 8E 09 E5 F1 68  A:..[...!......h
0010: 34 FF DE 96 F4 07 F5 A7   3C F3 AC 4A B1 9B FA 92  4.......<..J....
0020: FA 9B ED E6 32 21 AA 4A   76 C5 DC 4F 38 E5 DF D5  ....2!.Jv..O8...
0030: 86 E4 D5 C8 76 7D 98 D7   B1 CD 8F 4D B5 91 23 6C  ....v......M..#l
0040: 8B 8A EB EA 7C EF 14 94   C4 C6 F0 1F 4A 2D 32 71  ............J-2q
0050: 63 2B 63 91 26 02 09 B6   80 1D ED E2 CC B8 7F DB  c+c.&...........
0060: 87 63 C8 E1 D0 6C 26 B1   35 1D 40 66 10 1B CD 95  .c...l&.5.@f....
0070: 54 18 33 61 EC 13 4F DA   13 F7 99 AF 3E D0 CF 8E  T.3a..O.....>...
0080: A6 72 A2 B3 C3 05 9A C9   27 7D 92 CC 7E 52 8D B3  .r......'....R..
0090: AB 70 6D 9E 89 9F 4D EB   1A 75 C2 98 AA D5 02 16  .pm...M..u......
00A0: D7 0C 8A BF 25 E4 EB 2D   BC 98 E9 58 38 19 7C B9  ....%..-...X8...
00B0: 37 FE DB E2 99 08 73 06   C7 97 83 6A 7D 10 01 2F  7.....s....j.../
00C0: 32 B9 17 05 4A 65 E6 2F   CE BE 5E 53 A6 82 E9 9A  2...Je./..^S....
00D0: 53 0A 84 74 2D 83 CA C8   94 16 76 5F 94 61 28 F0  S..t-.....v_.a(.
00E0: 85 A7 39 BB D7 8B D9 A8   B2 13 1D 54 09 34 24 7D  ..9........T.4$.
00F0: 20 81 7D 66 7E A2 90 74   5C 10 C6 BD EC AB 1B C2   ..f...t\.......

]]]

[2017-06-13T20:04:38.515-0300] [glassfish 4.0] [INFO] [security.secmgroff] [javax.enterprise.system.core.security.com.sun.enterprise.security] [tid: _ThreadID=1 _ThreadName=main] [timeMillis: 1497395078515] [levelValue: 800] [[
  SEC1002: Security Manager is OFF.]]

[2017-06-13T20:04:38.523-0300] [glassfish 4.0] [INFO] [sec.service.startup.enter] [javax.enterprise.system.core.security.com.sun.enterprise.security] [tid: _ThreadID=1 _ThreadName=main] [timeMillis: 1497395078523] [levelValue: 800] [[
  SEC1010: Entering Security Startup Service]]

[2017-06-13T20:04:38.526-0300] [glassfish 4.0] [INFO] [policy.loading] [javax.enterprise.system.core.security.com.sun.enterprise.security] [tid: _ThreadID=1 _ThreadName=main] [timeMillis: 1497395078526] [levelValue: 800] [[
  SEC1143: Loading policy provider com.sun.enterprise.security.provider.PolicyWrapper.]]

[2017-06-13T20:04:38.646-0300] [glassfish 4.0] [INFO] [sec.service.startup.exit] [javax.enterprise.system.core.security.com.sun.enterprise.security] [tid: _ThreadID=1 _ThreadName=main] [timeMillis: 1497395078646] [levelValue: 800] [[
  SEC1011: Security Service(s) Started Successfully]]

[2017-06-13T20:04:38.931-0300] [glassfish 4.0] [INFO] [AS-WEB-GLUE-00198] [javax.enterprise.web] [tid: _ThreadID=1 _ThreadName=main] [timeMillis: 1497395078931] [levelValue: 800] [[
  Created HTTP listener http-listener-1 on host/port 0.0.0.0:8080]]

[2017-06-13T20:04:38.940-0300] [glassfish 4.0] [INFO] [AS-WEB-GLUE-00198] [javax.enterprise.web] [tid: _ThreadID=1 _ThreadName=main] [timeMillis: 1497395078940] [levelValue: 800] [[
  Created HTTP listener http-listener-2 on host/port 0.0.0.0:8181]]

[2017-06-13T20:04:38.943-0300] [glassfish 4.0] [INFO] [AS-WEB-GLUE-00198] [javax.enterprise.web] [tid: _ThreadID=1 _ThreadName=main] [timeMillis: 1497395078943] [levelValue: 800] [[
  Created HTTP listener admin-listener on host/port 0.0.0.0:4848]]

[2017-06-13T20:04:38.988-0300] [glassfish 4.0] [INFO] [AS-WEB-GLUE-00200] [javax.enterprise.web] [tid: _ThreadID=1 _ThreadName=main] [timeMillis: 1497395078988] [levelValue: 800] [[
  Created virtual server server]]

[2017-06-13T20:04:38.996-0300] [glassfish 4.0] [INFO] [AS-WEB-GLUE-00200] [javax.enterprise.web] [tid: _ThreadID=1 _ThreadName=main] [timeMillis: 1497395078996] [levelValue: 800] [[
  Created virtual server __asadmin]]

[2017-06-13T20:04:39.320-0300] [glassfish 4.0] [INFO] [AS-WEB-CORE-00306] [javax.enterprise.web.core] [tid: _ThreadID=1 _ThreadName=main] [timeMillis: 1497395079320] [levelValue: 800] [[
  Setting JAAS app name glassfish-web]]

[2017-06-13T20:04:39.321-0300] [glassfish 4.0] [INFO] [AS-WEB-GLUE-00201] [javax.enterprise.web] [tid: _ThreadID=1 _ThreadName=main] [timeMillis: 1497395079321] [levelValue: 800] [[
  Virtual server server loaded default web module ]]

[2017-06-13T20:04:39.754-0300] [glassfish 4.0] [INFO] [] [javax.enterprise.system.tools.deployment.common] [tid: _ThreadID=1 _ThreadName=main] [timeMillis: 1497395079754] [levelValue: 800] [[
  visiting unvisited references]]

[2017-06-13T20:04:39.760-0300] [glassfish 4.0] [INFO] [] [javax.enterprise.system.tools.deployment.common] [tid: _ThreadID=1 _ThreadName=main] [timeMillis: 1497395079760] [levelValue: 800] [[
  visiting unvisited references]]

[2017-06-13T20:04:40.520-0300] [glassfish 4.0] [INFO] [] [org.glassfish.jersey.servlet.init.JerseyServletContainerInitializer] [tid: _ThreadID=1 _ThreadName=main] [timeMillis: 1497395080520] [levelValue: 800] [[
  Registering the Jersey servlet application, named WSsgs.ApplicationConfig, at the servlet mapping /webresources/*, with the Application class of the same name.]]

[2017-06-13T20:04:40.560-0300] [glassfish 4.0] [INFO] [AS-WEB-GLUE-00172] [javax.enterprise.web] [tid: _ThreadID=1 _ThreadName=main] [timeMillis: 1497395080560] [levelValue: 800] [[
  Loading application [WSsgc] at [/WSsgc]]]

[2017-06-13T20:04:40.572-0300] [glassfish 4.0] [INFO] [NCLS-CORE-00022] [javax.enterprise.system.core] [tid: _ThreadID=1 _ThreadName=main] [timeMillis: 1497395080572] [levelValue: 800] [[
  Loading application WSsgc done in 2.777 ms]]

[2017-06-13T20:04:40.609-0300] [glassfish 4.0] [INFO] [] [org.glassfish.ha.store.spi.BackingStoreFactoryRegistry] [tid: _ThreadID=1 _ThreadName=main] [timeMillis: 1497395080609] [levelValue: 800] [[
  Registered org.glassfish.ha.store.adapter.cache.ShoalBackingStoreProxy for persistence-type = replicated in BackingStoreFactoryRegistry]]

[2017-06-13T20:04:40.641-0300] [glassfish 4.0] [INFO] [NCLS-CORE-00017] [javax.enterprise.system.core] [tid: _ThreadID=1 _ThreadName=main] [timeMillis: 1497395080641] [levelValue: 800] [[
  GlassFish Server Open Source Edition  4.0  (89) startup time : Felix (2.582ms), startup services(4.168ms), total(6.750ms)]]

[2017-06-13T20:04:40.886-0300] [glassfish 4.0] [INFO] [] [javax.enterprise.system.core] [tid: _ThreadID=1 _ThreadName=main] [timeMillis: 1497395080886] [levelValue: 800] [[
  Grizzly Framework 2.3.1 started in: 33ms - bound to [/0.0.0.0:7.676]]]

[2017-06-13T20:04:40.955-0300] [glassfish 4.0] [INFO] [] [org.hibernate.validator.internal.util.Version] [tid: _ThreadID=62 _ThreadName=pool-9-thread-2] [timeMillis: 1497395080955] [levelValue: 800] [[
  HV000001: Hibernate Validator 5.0.0.Final]]

[2017-06-13T20:04:41.063-0300] [glassfish 4.0] [INFO] [] [org.glassfish.jersey.server.ApplicationHandler] [tid: _ThreadID=61 _ThreadName=pool-9-thread-1] [timeMillis: 1497395081063] [levelValue: 800] [[
  Initiating Jersey application, version Jersey: 2.0 2013-05-03 14:50:15...]]

[2017-06-13T20:04:41.889-0300] [glassfish 4.0] [INFO] [AS-WEB-GLUE-00198] [javax.enterprise.web] [tid: _ThreadID=79 _ThreadName=pool-17-thread-1] [timeMillis: 1497395081889] [levelValue: 800] [[
  Created HTTP listener http-listener-2 on host/port 0.0.0.0:8181]]

[2017-06-13T20:04:41.940-0300] [glassfish 4.0] [INFO] [] [javax.enterprise.system.core] [tid: _ThreadID=79 _ThreadName=pool-17-thread-1] [timeMillis: 1497395081940] [levelValue: 800] [[
  Grizzly Framework 2.3.1 started in: 7ms - bound to [/0.0.0.0:8.181]]]

[2017-06-13T20:04:42.008-0300] [glassfish 4.0] [INFO] [NCLS-BOOTSTRAP-00027] [javax.enterprise.bootstrap] [tid: _ThreadID=1 _ThreadName=main] [timeMillis: 1497395082008] [levelValue: 800] [[
  Registered com.sun.enterprise.glassfish.bootstrap.osgi.EmbeddedOSGiGlassFishImpl@4b4a2fa8 as OSGi service registration: org.apache.felix.framework.ServiceRegistrationImpl@4e67cfe1.]]

[2017-06-13T20:04:42.231-0300] [glassfish 4.0] [INFO] [AS-WEB-GLUE-00198] [javax.enterprise.web] [tid: _ThreadID=81 _ThreadName=pool-21-thread-1] [timeMillis: 1497395082231] [levelValue: 800] [[
  Created HTTP listener http-listener-1 on host/port 0.0.0.0:8080]]

[2017-06-13T20:04:42.287-0300] [glassfish 4.0] [INFO] [] [javax.enterprise.system.core] [tid: _ThreadID=81 _ThreadName=pool-21-thread-1] [timeMillis: 1497395082287] [levelValue: 800] [[
  Grizzly Framework 2.3.1 started in: 40ms - bound to [/0.0.0.0:8.080]]]

[2017-06-13T20:04:42.363-0300] [glassfish 4.0] [INFO] [NCLS-JMX-00005] [javax.enterprise.system.jmx] [tid: _ThreadID=90 _ThreadName=Thread-11] [timeMillis: 1497395082363] [levelValue: 800] [[
  JMXStartupService has started JMXConnector on JMXService URL service:jmx:rmi://192.168.210.107:8686/jndi/rmi://192.168.210.107:8686/jmxrmi]]

[2017-06-13T20:06:42.723-0300] [glassfish 4.0] [INFO] [] [] [tid: _ThreadID=70 _ThreadName=PingService] [timeMillis: 1497395202723] [levelValue: 800] [[
  Domain Pinged: release.glassfish.org]]

[2017-06-13T20:08:37.480-0300] [glassfish 4.0] [INFO] [] [javax.enterprise.system.tools.deployment.common] [tid: _ThreadID=38 _ThreadName=admin-listener(5)] [timeMillis: 1497395317480] [levelValue: 800] [[
  visiting unvisited references]]

[2017-06-13T20:08:37.595-0300] [glassfish 4.0] [INFO] [] [javax.enterprise.system.tools.deployment.common] [tid: _ThreadID=38 _ThreadName=admin-listener(5)] [timeMillis: 1497395317595] [levelValue: 800] [[
  visiting unvisited references]]

[2017-06-13T20:08:37.603-0300] [glassfish 4.0] [INFO] [] [javax.enterprise.system.tools.deployment.common] [tid: _ThreadID=38 _ThreadName=admin-listener(5)] [timeMillis: 1497395317603] [levelValue: 800] [[
  visiting unvisited references]]

[2017-06-13T20:08:38.023-0300] [glassfish 4.0] [INFO] [] [org.glassfish.jersey.servlet.init.JerseyServletContainerInitializer] [tid: _ThreadID=38 _ThreadName=admin-listener(5)] [timeMillis: 1497395318023] [levelValue: 800] [[
  Registering the Jersey servlet application, named WSsgs.ApplicationConfig, at the servlet mapping /webresources/*, with the Application class of the same name.]]

[2017-06-13T20:08:38.050-0300] [glassfish 4.0] [INFO] [AS-WEB-GLUE-00172] [javax.enterprise.web] [tid: _ThreadID=38 _ThreadName=admin-listener(5)] [timeMillis: 1497395318050] [levelValue: 800] [[
  Loading application [WSsgc] at [/WSsgc]]]

[2017-06-13T20:08:38.952-0300] [glassfish 4.0] [INFO] [] [javax.enterprise.system.core] [tid: _ThreadID=38 _ThreadName=admin-listener(5)] [timeMillis: 1497395318952] [levelValue: 800] [[
  WSsgc was successfully deployed in 2.162 milliseconds.]]

